# JRE version: OpenJDK Runtime Environment Corretto-11.0.11.9.1 (11.0.11+9) (build 11.0.11+9-LTS)
# Java VM: OpenJDK 64-Bit Server VM Corretto-11.0.11.9.1 (11.0.11+9-LTS, mixed mode, tiered, compressed oops, g1 gc, windows-amd64)
Heap:
 garbage-first heap   total 155648K, used 78353K [0x0000000082400000, 0x0000000100000000)
  region size 1024K, 55 young (56320K), 7 survivors (7168K)
 Metaspace       used 74988K, capacity 76985K, committed 77136K, reserved 1116160K
  class space    used 9671K, capacity 10498K, committed 10620K, reserved 1048576K
GC Heap History (20 events):
Event: 0.881 GC heap before
{Heap before GC invocations=0 (full 0):
 garbage-first heap   total 129024K, used 24576K [0x0000000082400000, 0x0000000100000000)
  region size 1024K, 24 young (24576K), 0 survivors (0K)
 Metaspace       used 10396K, capacity 10707K, committed 10880K, reserved 1058816K
  class space    used 1026K, capacity 1146K, committed 1152K, reserved 1048576K
}
Event: 0.888 GC heap after
{Heap after GC invocations=1 (full 0):
 garbage-first heap   total 129024K, used 9084K [0x0000000082400000, 0x0000000100000000)
  region size 1024K, 3 young (3072K), 3 survivors (3072K)
 Metaspace       used 10396K, capacity 10707K, committed 10880K, reserved 1058816K
  class space    used 1026K, capacity 1146K, committed 1152K, reserved 1048576K
}
Event: 2.464 GC heap before
{Heap before GC invocations=1 (full 0):
 garbage-first heap   total 129024K, used 75644K [0x0000000082400000, 0x0000000100000000)
  region size 1024K, 69 young (70656K), 3 survivors (3072K)
 Metaspace       used 20500K, capacity 21220K, committed 21248K, reserved 1069056K
  class space    used 2287K, capacity 2558K, committed 2560K, reserved 1048576K
}
Event: 2.485 GC heap after
{Heap after GC invocations=2 (full 0):
 garbage-first heap   total 129024K, used 12064K [0x0000000082400000, 0x0000000100000000)
  region size 1024K, 6 young (6144K), 6 survivors (6144K)
 Metaspace       used 20500K, capacity 21220K, committed 21248K, reserved 1069056K
  class space    used 2287K, capacity 2558K, committed 2560K, reserved 1048576K
}
Event: 3.503 GC heap before
{Heap before GC invocations=3 (full 0):
 garbage-first heap   total 129024K, used 77600K [0x0000000082400000, 0x0000000100000000)
  region size 1024K, 71 young (72704K), 6 survivors (6144K)
 Metaspace       used 28319K, capacity 29225K, committed 29436K, reserved 1075200K
  class space    used 3380K, capacity 3733K, committed 3836K, reserved 1048576K
}
Event: 3.519 GC heap after
{Heap after GC invocations=4 (full 0):
 garbage-first heap   total 129024K, used 14442K [0x0000000082400000, 0x0000000100000000)
  region size 1024K, 6 young (6144K), 6 survivors (6144K)
 Metaspace       used 28319K, capacity 29225K, committed 29436K, reserved 1075200K
  class space    used 3380K, capacity 3733K, committed 3836K, reserved 1048576K
}
Event: 3.819 GC heap before
{Heap before GC invocations=4 (full 0):
 garbage-first heap   total 129024K, used 83050K [0x0000000082400000, 0x0000000100000000)
  region size 1024K, 74 young (75776K), 6 survivors (6144K)
 Metaspace       used 32144K, capacity 33028K, committed 33148K, reserved 1079296K
  class space    used 3810K, capacity 4148K, committed 4220K, reserved 1048576K
}
Event: 3.826 GC heap after
{Heap after GC invocations=5 (full 0):
 garbage-first heap   total 129024K, used 16231K [0x0000000082400000, 0x0000000100000000)
  region size 1024K, 5 young (5120K), 5 survivors (5120K)
 Metaspace       used 32144K, capacity 33028K, committed 33148K, reserved 1079296K
  class space    used 3810K, capacity 4148K, committed 4220K, reserved 1048576K
}
Event: 4.439 GC heap before
{Heap before GC invocations=5 (full 0):
 garbage-first heap   total 129024K, used 57191K [0x0000000082400000, 0x0000000100000000)
  region size 1024K, 46 young (47104K), 5 survivors (5120K)
 Metaspace       used 34752K, capacity 35831K, committed 35964K, reserved 1081344K
  class space    used 4162K, capacity 4599K, committed 4732K, reserved 1048576K
}
Event: 4.454 GC heap after
{Heap after GC invocations=6 (full 0):
 garbage-first heap   total 129024K, used 16798K [0x0000000082400000, 0x0000000100000000)
  region size 1024K, 5 young (5120K), 5 survivors (5120K)
 Metaspace       used 34752K, capacity 35831K, committed 35964K, reserved 1081344K
  class space    used 4162K, capacity 4599K, committed 4732K, reserved 1048576K
}
Event: 5.778 GC heap before
{Heap before GC invocations=7 (full 0):
 garbage-first heap   total 129024K, used 88478K [0x0000000082400000, 0x0000000100000000)
  region size 1024K, 75 young (76800K), 5 survivors (5120K)
 Metaspace       used 41465K, capacity 42721K, committed 42876K, reserved 1087488K
  class space    used 5139K, capacity 5641K, committed 5756K, reserved 1048576K
}
Event: 5.793 GC heap after
{Heap after GC invocations=8 (full 0):
 garbage-first heap   total 155648K, used 19355K [0x0000000082400000, 0x0000000100000000)
  region size 1024K, 8 young (8192K), 8 survivors (8192K)
 Metaspace       used 41465K, capacity 42721K, committed 42876K, reserved 1087488K
  class space    used 5139K, capacity 5641K, committed 5756K, reserved 1048576K
}
Event: 8.371 GC heap before
{Heap before GC invocations=8 (full 0):
 garbage-first heap   total 155648K, used 102299K [0x0000000082400000, 0x0000000100000000)
  region size 1024K, 89 young (91136K), 8 survivors (8192K)
 Metaspace       used 52814K, capacity 54415K, committed 54524K, reserved 1097728K
  class space    used 6479K, capacity 7136K, committed 7164K, reserved 1048576K
}
Event: 8.395 GC heap after
{Heap after GC invocations=9 (full 0):
 garbage-first heap   total 155648K, used 24047K [0x0000000082400000, 0x0000000100000000)
  region size 1024K, 10 young (10240K), 10 survivors (10240K)
 Metaspace       used 52814K, capacity 54415K, committed 54524K, reserved 1097728K
  class space    used 6479K, capacity 7136K, committed 7164K, reserved 1048576K
}
Event: 9.641 GC heap before
{Heap before GC invocations=9 (full 0):
 garbage-first heap   total 155648K, used 103919K [0x0000000082400000, 0x0000000100000000)
  region size 1024K, 89 young (91136K), 10 survivors (10240K)
 Metaspace       used 58678K, capacity 60238K, committed 60368K, reserved 1101824K
  class space    used 7446K, capacity 8092K, committed 8188K, reserved 1048576K
}
Event: 9.662 GC heap after
{Heap after GC invocations=10 (full 0):
 garbage-first heap   total 155648K, used 25507K [0x0000000082400000, 0x0000000100000000)
  region size 1024K, 7 young (7168K), 7 survivors (7168K)
 Metaspace       used 58678K, capacity 60238K, committed 60368K, reserved 1101824K
  class space    used 7446K, capacity 8092K, committed 8188K, reserved 1048576K
}
Event: 11.134 GC heap before
{Heap before GC invocations=11 (full 0):
 garbage-first heap   total 155648K, used 111523K [0x0000000082400000, 0x0000000100000000)
  region size 1024K, 91 young (93184K), 7 survivors (7168K)
 Metaspace       used 66556K, capacity 68275K, committed 68432K, reserved 1107968K
  class space    used 8598K, capacity 9293K, committed 9340K, reserved 1048576K
}
Event: 11.145 GC heap after
{Heap after GC invocations=12 (full 0):
 garbage-first heap   total 155648K, used 26904K [0x0000000082400000, 0x0000000100000000)
  region size 1024K, 8 young (8192K), 8 survivors (8192K)
 Metaspace       used 66556K, capacity 68275K, committed 68432K, reserved 1107968K
  class space    used 8598K, capacity 9293K, committed 9340K, reserved 1048576K
}
Event: 16.237 GC heap before
{Heap before GC invocations=12 (full 0):
 garbage-first heap   total 155648K, used 111896K [0x0000000082400000, 0x0000000100000000)
  region size 1024K, 91 young (93184K), 8 survivors (8192K)
 Metaspace       used 71215K, capacity 73023K, committed 73168K, reserved 1112064K
  class space    used 9171K, capacity 9915K, committed 9980K, reserved 1048576K
}
Event: 16.252 GC heap after
{Heap after GC invocations=13 (full 0):
 garbage-first heap   total 155648K, used 30225K [0x0000000082400000, 0x0000000100000000)
  region size 1024K, 7 young (7168K), 7 survivors (7168K)
 Metaspace       used 71215K, capacity 73023K, committed 73168K, reserved 1112064K
  class space    used 9171K, capacity 9915K, committed 9980K, reserved 1048576K
}

