# JRE version: OpenJDK Runtime Environment Corretto-11.0.11.9.1 (11.0.11+9) (build 11.0.11+9-LTS)
# Java VM: OpenJDK 64-Bit Server VM Corretto-11.0.11.9.1 (11.0.11+9-LTS, mixed mode, tiered, compressed oops, g1 gc, windows-amd64)
Heap:
 garbage-first heap   total 187392K, used 20406K [0x0000000082400000, 0x0000000100000000)
  region size 1024K, 6 young (6144K), 6 survivors (6144K)
 Metaspace       used 58437K, capacity 60015K, committed 60160K, reserved 1101824K
  class space    used 7431K, capacity 8098K, committed 8192K, reserved 1048576K
GC Heap History (17 events):
Event: 0.585 GC heap before
{Heap before GC invocations=0 (full 0):
 garbage-first heap   total 129024K, used 24576K [0x0000000082400000, 0x0000000100000000)
  region size 1024K, 24 young (24576K), 0 survivors (0K)
 Metaspace       used 12125K, capacity 12541K, committed 12672K, reserved 1060864K
  class space    used 1196K, capacity 1343K, committed 1408K, reserved 1048576K
}
Event: 0.591 GC heap after
{Heap after GC invocations=1 (full 0):
 garbage-first heap   total 129024K, used 8073K [0x0000000082400000, 0x0000000100000000)
  region size 1024K, 3 young (3072K), 3 survivors (3072K)
 Metaspace       used 12125K, capacity 12541K, committed 12672K, reserved 1060864K
  class space    used 1196K, capacity 1343K, committed 1408K, reserved 1048576K
}
Event: 1.325 GC heap before
{Heap before GC invocations=1 (full 0):
 garbage-first heap   total 129024K, used 59273K [0x0000000082400000, 0x0000000100000000)
  region size 1024K, 54 young (55296K), 3 survivors (3072K)
 Metaspace       used 20500K, capacity 21192K, committed 21248K, reserved 1069056K
  class space    used 2272K, capacity 2535K, committed 2560K, reserved 1048576K
}
Event: 1.332 GC heap after
{Heap after GC invocations=2 (full 0):
 garbage-first heap   total 129024K, used 9953K [0x0000000082400000, 0x0000000100000000)
  region size 1024K, 5 young (5120K), 5 survivors (5120K)
 Metaspace       used 20500K, capacity 21192K, committed 21248K, reserved 1069056K
  class space    used 2272K, capacity 2535K, committed 2560K, reserved 1048576K
}
Event: 1.592 GC heap before
{Heap before GC invocations=3 (full 0):
 garbage-first heap   total 129024K, used 40673K [0x0000000082400000, 0x0000000100000000)
  region size 1024K, 35 young (35840K), 5 survivors (5120K)
 Metaspace       used 25737K, capacity 26568K, committed 26880K, reserved 1073152K
  class space    used 2934K, capacity 3265K, committed 3328K, reserved 1048576K
}
Event: 1.600 GC heap after
{Heap after GC invocations=4 (full 0):
 garbage-first heap   total 129024K, used 11201K [0x0000000082400000, 0x0000000100000000)
  region size 1024K, 4 young (4096K), 4 survivors (4096K)
 Metaspace       used 25737K, capacity 26568K, committed 26880K, reserved 1073152K
  class space    used 2934K, capacity 3265K, committed 3328K, reserved 1048576K
}
Event: 1.824 GC heap before
{Heap before GC invocations=4 (full 0):
 garbage-first heap   total 129024K, used 67521K [0x0000000082400000, 0x0000000100000000)
  region size 1024K, 60 young (61440K), 4 survivors (4096K)
 Metaspace       used 28155K, capacity 29092K, committed 29312K, reserved 1075200K
  class space    used 3242K, capacity 3598K, committed 3712K, reserved 1048576K
}
Event: 1.830 GC heap after
{Heap after GC invocations=5 (full 0):
 garbage-first heap   total 129024K, used 11773K [0x0000000082400000, 0x0000000100000000)
  region size 1024K, 4 young (4096K), 4 survivors (4096K)
 Metaspace       used 28155K, capacity 29092K, committed 29312K, reserved 1075200K
  class space    used 3242K, capacity 3598K, committed 3712K, reserved 1048576K
}
Event: 3.024 GC heap before
{Heap before GC invocations=5 (full 0):
 garbage-first heap   total 129024K, used 83453K [0x0000000082400000, 0x0000000100000000)
  region size 1024K, 74 young (75776K), 4 survivors (4096K)
 Metaspace       used 34219K, capacity 35352K, committed 35584K, reserved 1081344K
  class space    used 4053K, capacity 4523K, committed 4608K, reserved 1048576K
}
Event: 3.036 GC heap after
{Heap after GC invocations=6 (full 0):
 garbage-first heap   total 155648K, used 14809K [0x0000000082400000, 0x0000000100000000)
  region size 1024K, 7 young (7168K), 7 survivors (7168K)
 Metaspace       used 34219K, capacity 35352K, committed 35584K, reserved 1081344K
  class space    used 4053K, capacity 4523K, committed 4608K, reserved 1048576K
}
Event: 3.130 GC heap before
{Heap before GC invocations=6 (full 0):
 garbage-first heap   total 155648K, used 20953K [0x0000000082400000, 0x0000000100000000)
  region size 1024K, 14 young (14336K), 7 survivors (7168K)
 Metaspace       used 34651K, capacity 35768K, committed 35840K, reserved 1081344K
  class space    used 4131K, capacity 4597K, committed 4608K, reserved 1048576K
}
Event: 3.150 GC heap after
{Heap after GC invocations=7 (full 0):
 garbage-first heap   total 155648K, used 15548K [0x0000000082400000, 0x0000000100000000)
  region size 1024K, 6 young (6144K), 6 survivors (6144K)
 Metaspace       used 34651K, capacity 35768K, committed 35840K, reserved 1081344K
  class space    used 4131K, capacity 4597K, committed 4608K, reserved 1048576K
}
Event: 4.608 GC heap before
{Heap before GC invocations=8 (full 0):
 garbage-first heap   total 155648K, used 86204K [0x0000000082400000, 0x0000000100000000)
  region size 1024K, 76 young (77824K), 6 survivors (6144K)
 Metaspace       used 45741K, capacity 47166K, committed 47360K, reserved 1091584K
  class space    used 5442K, capacity 6035K, committed 6144K, reserved 1048576K
}
Event: 4.617 GC heap after
{Heap after GC invocations=9 (full 0):
 garbage-first heap   total 155648K, used 19597K [0x0000000082400000, 0x0000000100000000)
  region size 1024K, 9 young (9216K), 9 survivors (9216K)
 Metaspace       used 45741K, capacity 47166K, committed 47360K, reserved 1091584K
  class space    used 5442K, capacity 6035K, committed 6144K, reserved 1048576K
}
Event: 5.517 GC heap before
{Heap before GC invocations=9 (full 0):
 garbage-first heap   total 155648K, used 94349K [0x0000000082400000, 0x0000000100000000)
  region size 1024K, 82 young (83968K), 9 survivors (9216K)
 Metaspace       used 53142K, capacity 54637K, committed 54912K, reserved 1097728K
  class space    used 6614K, capacity 7220K, committed 7296K, reserved 1048576K
}
Event: 5.530 GC heap after
{Heap after GC invocations=10 (full 0):
 garbage-first heap   total 155648K, used 21121K [0x0000000082400000, 0x0000000100000000)
  region size 1024K, 7 young (7168K), 7 survivors (7168K)
 Metaspace       used 53142K, capacity 54637K, committed 54912K, reserved 1097728K
  class space    used 6614K, capacity 7220K, committed 7296K, reserved 1048576K
}
Event: 16.328 GC heap before
{Heap before GC invocations=10 (full 0):
 garbage-first heap   total 155648K, used 65153K [0x0000000082400000, 0x0000000100000000)
  region size 1024K, 52 young (53248K), 7 survivors (7168K)
 Metaspace       used 58437K, capacity 60015K, committed 60160K, reserved 1101824K
  class space    used 7431K, capacity 8098K, committed 8192K, reserved 1048576K
}

